<?xml version="1.0" encoding="UTF-8"?>
<testng-results ignored="0" total="1" passed="1" failed="0" skipped="0">
  <reporter-output>
  </reporter-output>
  <suite started-at="2024-06-04T13:10:48 IST" name="Default suite" finished-at="2024-06-04T13:11:23 IST" duration-ms="35237">
    <groups>
    </groups>
    <test started-at="2024-06-04T13:10:48 IST" name="Default test" finished-at="2024-06-04T13:11:23 IST" duration-ms="35237">
      <class name="com.mystore.testcases.TC_MyAccountPageTest">
        <test-method is-config="true" signature="setUp()[pri:0, instance:com.mystore.testcases.TC_MyAccountPageTest@d86a6f]" started-at="2024-06-04T13:10:48 IST" name="setUp" finished-at="2024-06-04T13:10:57 IST" duration-ms="9665" status="PASS">
          <reporter-output>
          </reporter-output>
        </test-method> <!-- setUp -->
        <test-method signature="verifyRegistrationLogin()[pri:0, instance:com.mystore.testcases.TC_MyAccountPageTest@d86a6f]" started-at="2024-06-04T13:10:57 IST" name="verifyRegistrationLogin" finished-at="2024-06-04T13:11:23 IST" duration-ms="25518" status="PASS">
          <reporter-output>
          </reporter-output>
        </test-method> <!-- verifyRegistrationLogin -->
      </class> <!-- com.mystore.testcases.TC_MyAccountPageTest -->
    </test> <!-- Default test -->
  </suite> <!-- Default suite -->
</testng-results>
